[     139ms] [INFO] %cDownload the React DevTools for a better development experience: https://react.dev/link/react-devtools font-weight:bold @ http://localhost:3636/_next/static/chunks/0ddr_next_dist_0o6db7i._.js:2431
[     151ms] [LOG] [HMR] connected @ http://localhost:3636/_next/static/chunks/0ddr_next_dist_0o6db7i._.js:2431
[     217ms] [ERROR] Encountered a script tag while rendering React component. Scripts inside React components are never executed when rendering on the client. Consider using template tag instead (https://developer.mozilla.org/en-US/docs/Web/HTML/Element/template). @ http://localhost:3636/_next/static/chunks/0ddr_next_dist_0o6db7i._.js:3272
[     281ms] Error: Hydration failed because the server rendered text didn't match the client. As a result this tree will be regenerated on the client. This can happen if a SSR-ed Client Component used:

- A server/client branch `if (typeof window !== 'undefined')`.
- Variable input such as `Date.now()` or `Math.random()` which changes each time it's called.
- Date formatting in a user's locale which doesn't match the server.
- External changing data without sending a snapshot of it along with the HTML.
- Invalid HTML tag nesting.

It can also happen if the client has a browser extension installed which messes with the HTML before React loaded.

https://react.dev/link/hydration-mismatch

  ...
    <div ref={function useNodeRef.useCallback[setNodeRef]} className="flex min-h...">
      <ScrollArea className="flex-1">
        <ScrollArea data-slot="scroll-area" className="relative f...">
          <ScrollAreaProvider scope={undefined} type="hover" dir="ltr" scrollHideDelay={600} scrollArea={null} ...>
            <Primitive.div dir="ltr" data-slot="scroll-area" className="relative f..." ref={function} ...>
              <div dir="ltr" data-slot="scroll-area" className="relative f..." style={{position:"...", ...}} ...>
                <ScrollAreaViewport data-slot="scroll-are..." className="size-full ...">
                  <style>
                  <Primitive.div data-radix-scroll-area-viewport="" data-slot="scroll-are..." className="size-full ..." ...>
                    <div data-radix-scroll-area-viewport="" data-slot="scroll-are..." className="size-full ..." ...>
                      <div ref={function bound dispatchSetState} style={{minWidth:"...", ...}}>
                        <SortableContext items={[...]} strategy={function verticalListSortingStrategy}>
                          <div className="flex flex-...">
                            <TicketCard ticket={{id:"cmoj5s...", ...}}>
                              <div
                                ref={function useCombinedRefs.useMemo}
                                style={{transform:undefined,transition:undefined}}
                                role="button"
                                tabIndex={0}
                                aria-disabled={false}
                                aria-pressed={undefined}
                                aria-roledescription="sortable"
+                               aria-describedby="DndDescribedBy-0"
-                               aria-describedby="DndDescribedBy-1"
                                onPointerDown={function useSyntheticListeners.useMemo}
                                onKeyDown={function useSyntheticListeners.useMemo}
                                className="group select-none rounded-md border border-border/70 bg-card px-3 py-2.5 sh..."
                              >
                                <div>
                                <div className="mt-2 flex ...">
                                  <span>
                                  <time dateTime="2026-04-28T21:49:11.940Z">
+                                   8 seconds
-                                   7 seconds
                ...
      ...

    at throwOnHydrationMismatch (http://localhost:3636/_next/static/chunks/0ddr_next_dist_compiled_react-dom_0a5x3qr._.js:3318:56)
    at prepareToHydrateHostInstance (http://localhost:3636/_next/static/chunks/0ddr_next_dist_compiled_react-dom_0a5x3qr._.js:3372:23)
    at completeWork (http://localhost:3636/_next/static/chunks/0ddr_next_dist_compiled_react-dom_0a5x3qr._.js:6922:60)
    at runWithFiberInDEV (http://localhost:3636/_next/static/chunks/0ddr_next_dist_compiled_react-dom_0a5x3qr._.js:965:74)
    at completeUnitOfWork (http://localhost:3636/_next/static/chunks/0ddr_next_dist_compiled_react-dom_0a5x3qr._.js:9622:23)
    at performUnitOfWork (http://localhost:3636/_next/static/chunks/0ddr_next_dist_compiled_react-dom_0a5x3qr._.js:9557:28)
    at workLoopConcurrentByScheduler (http://localhost:3636/_next/static/chunks/0ddr_next_dist_compiled_react-dom_0a5x3qr._.js:9551:58)
    at renderRootConcurrent (http://localhost:3636/_next/static/chunks/0ddr_next_dist_compiled_react-dom_0a5x3qr._.js:9534:71)
    at performWorkOnRoot (http://localhost:3636/_next/static/chunks/0ddr_next_dist_compiled_react-dom_0a5x3qr._.js:9061:150)
    at performWorkOnRootViaSchedulerTask (http://localhost:3636/_next/static/chunks/0ddr_next_dist_compiled_react-dom_0a5x3qr._.js:10255:9)
    at MessagePort.performWorkUntilDeadline (http://localhost:3636/_next/static/chunks/0ddr_next_dist_compiled_0p.a863._.js:2647:64)
[     282ms] _ErrorInfo: Connection closed
    at _ErrorInfo.fromValues (http://localhost:3636/_next/static/chunks/0g0r_ably_build_ably_0krf74e.js:281:42)
    at Object.closed (http://localhost:3636/_next/static/chunks/0g0r_ably_build_ably_0krf74e.js:4904:31)
    at _ConnectionManager.notifyState (http://localhost:3636/_next/static/chunks/0g0r_ably_build_ably_0krf74e.js:5889:206)
    at _ConnectionManager.closeImpl (http://localhost:3636/_next/static/chunks/0g0r_ably_build_ably_0krf74e.js:6140:18)
    at _ConnectionManager.requestState (http://localhost:3636/_next/static/chunks/0g0r_ably_build_ably_0krf74e.js:5945:22)
    at Connection.close (http://localhost:3636/_next/static/chunks/0g0r_ably_build_ably_0krf74e.js:6478:36)
    at _DefaultRealtime.close (http://localhost:3636/_next/static/chunks/0g0r_ably_build_ably_0krf74e.js:6535:29)
    at useBoardChannel.useEffect (http://localhost:3636/_next/static/chunks/src_0s52m65._.js:1163:44)
    at Object.react_stack_bottom_frame (http://localhost:3636/_next/static/chunks/0ddr_next_dist_compiled_react-dom_0a5x3qr._.js:15093:17)
    at runWithFiberInDEV (http://localhost:3636/_next/static/chunks/0ddr_next_dist_compiled_react-dom_0a5x3qr._.js:965:74)
    at commitHookEffectListUnmount (http://localhost:3636/_next/static/chunks/0ddr_next_dist_compiled_react-dom_0a5x3qr._.js:7280:166)
    at commitHookPassiveUnmountEffects (http://localhost:3636/_next/static/chunks/0ddr_next_dist_compiled_react-dom_0a5x3qr._.js:7293:60)
    at disconnectPassiveEffect (http://localhost:3636/_next/static/chunks/0ddr_next_dist_compiled_react-dom_0a5x3qr._.js:8934:17)
    at recursivelyTraverseDisconnectPassiveEffects (http://localhost:3636/_next/static/chunks/0ddr_next_dist_compiled_react-dom_0a5x3qr._.js:8926:68)
    at disconnectPassiveEffect (http://localhost:3636/_next/static/chunks/0ddr_next_dist_compiled_react-dom_0a5x3qr._.js:8935:17)
    at recursivelyTraverseDisconnectPassiveEffects (http://localhost:3636/_next/static/chunks/0ddr_next_dist_compiled_react-dom_0a5x3qr._.js:8926:68)
    at disconnectPassiveEffect (http://localhost:3636/_next/static/chunks/0ddr_next_dist_compiled_react-dom_0a5x3qr._.js:8942:17)
    at recursivelyTraverseDisconnectPassiveEffects (http://localhost:3636/_next/static/chunks/0ddr_next_dist_compiled_react-dom_0a5x3qr._.js:8926:68)
    at disconnectPassiveEffect (http://localhost:3636/_next/static/chunks/0ddr_next_dist_compiled_react-dom_0a5x3qr._.js:8942:17)
    at recursivelyTraverseDisconnectPassiveEffects (http://localhost:3636/_next/static/chunks/0ddr_next_dist_compiled_react-dom_0a5x3qr._.js:8926:68)
    at disconnectPassiveEffect (http://localhost:3636/_next/static/chunks/0ddr_next_dist_compiled_react-dom_0a5x3qr._.js:8935:17)
    at recursivelyTraverseDisconnectPassiveEffects (http://localhost:3636/_next/static/chunks/0ddr_next_dist_compiled_react-dom_0a5x3qr._.js:8926:68)
    at disconnectPassiveEffect (http://localhost:3636/_next/static/chunks/0ddr_next_dist_compiled_react-dom_0a5x3qr._.js:8942:17)
    at recursivelyTraverseDisconnectPassiveEffects (http://localhost:3636/_next/static/chunks/0ddr_next_dist_compiled_react-dom_0a5x3qr._.js:8926:68)
    at disconnectPassiveEffect (http://localhost:3636/_next/static/chunks/0ddr_next_dist_compiled_react-dom_0a5x3qr._.js:8935:17)
    at recursivelyTraverseDisconnectPassiveEffects (http://localhost:3636/_next/static/chunks/0ddr_next_dist_compiled_react-dom_0a5x3qr._.js:8926:68)
    at disconnectPassiveEffect (http://localhost:3636/_next/static/chunks/0ddr_next_dist_compiled_react-dom_0a5x3qr._.js:8935:17)
    at recursivelyTraverseDisconnectPassiveEffects (http://localhost:3636/_next/static/chunks/0ddr_next_dist_compiled_react-dom_0a5x3qr._.js:8926:68)
    at disconnectPassiveEffect (http://localhost:3636/_next/static/chunks/0ddr_next_dist_compiled_react-dom_0a5x3qr._.js:8935:17)
    at recursivelyTraverseDisconnectPassiveEffects (http://localhost:3636/_next/static/chunks/0ddr_next_dist_compiled_react-dom_0a5x3qr._.js:8926:68)
    at disconnectPassiveEffect (http://localhost:3636/_next/static/chunks/0ddr_next_dist_compiled_react-dom_0a5x3qr._.js:8935:17)
    at recursivelyTraverseDisconnectPassiveEffects (http://localhost:3636/_next/static/chunks/0ddr_next_dist_compiled_react-dom_0a5x3qr._.js:8926:68)
    at disconnectPassiveEffect (http://localhost:3636/_next/static/chunks/0ddr_next_dist_compiled_react-dom_0a5x3qr._.js:8942:17)
    at recursivelyTraverseDisconnectPassiveEffects (http://localhost:3636/_next/static/chunks/0ddr_next_dist_compiled_react-dom_0a5x3qr._.js:8926:68)
    at disconnectPassiveEffect (http://localhost:3636/_next/static/chunks/0ddr_next_dist_compiled_react-dom_0a5x3qr._.js:8935:17)
    at recursivelyTraverseDisconnectPassiveEffects (http://localhost:3636/_next/static/chunks/0ddr_next_dist_compiled_react-dom_0a5x3qr._.js:8926:68)
    at disconnectPassiveEffect (http://localhost:3636/_next/static/chunks/0ddr_next_dist_compiled_react-dom_0a5x3qr._.js:8935:17)
    at recursivelyTraverseDisconnectPassiveEffects (http://localhost:3636/_next/static/chunks/0ddr_next_dist_compiled_react-dom_0a5x3qr._.js:8926:68)
    at disconnectPassiveEffect (http://localhost:3636/_next/static/chunks/0ddr_next_dist_compiled_react-dom_0a5x3qr._.js:8942:17)
    at recursivelyTraverseDisconnectPassiveEffects (http://localhost:3636/_next/static/chunks/0ddr_next_dist_compiled_react-dom_0a5x3qr._.js:8926:68)
    at disconnectPassiveEffect (http://localhost:3636/_next/static/chunks/0ddr_next_dist_compiled_react-dom_0a5x3qr._.js:8942:17)
    at recursivelyTraverseDisconnectPassiveEffects (http://localhost:3636/_next/static/chunks/0ddr_next_dist_compiled_react-dom_0a5x3qr._.js:8926:68)
    at disconnectPassiveEffect (http://localhost:3636/_next/static/chunks/0ddr_next_dist_compiled_react-dom_0a5x3qr._.js:8935:17)
    at recursivelyTraverseDisconnectPassiveEffects (http://localhost:3636/_next/static/chunks/0ddr_next_dist_compiled_react-dom_0a5x3qr._.js:8926:68)
    at disconnectPassiveEffect (http://localhost:3636/_next/static/chunks/0ddr_next_dist_compiled_react-dom_0a5x3qr._.js:8935:17)
    at recursivelyTraverseDisconnectPassiveEffects (http://localhost:3636/_next/static/chunks/0ddr_next_dist_compiled_react-dom_0a5x3qr._.js:8926:68)
    at disconnectPassiveEffect (http://localhost:3636/_next/static/chunks/0ddr_next_dist_compiled_react-dom_0a5x3qr._.js:8942:17)
    at recursivelyTraverseDisconnectPassiveEffects (http://localhost:3636/_next/static/chunks/0ddr_next_dist_compiled_react-dom_0a5x3qr._.js:8926:68)
    at disconnectPassiveEffect (http://localhost:3636/_next/static/chunks/0ddr_next_dist_compiled_react-dom_0a5x3qr._.js:8942:17)
    at recursivelyTraverseDisconnectPassiveEffects (http://localhost:3636/_next/static/chunks/0ddr_next_dist_compiled_react-dom_0a5x3qr._.js:8926:68)
[     295ms] [ERROR] Failed to load resource: the server responded with a status of 503 (Service Unavailable) @ http://localhost:3636/api/ably/token:0
[     295ms] [WARNING] 14:49:19.630 Ably: Auth.requestToken(): token request signing call returned error; err = "ably_not_configured" @ http://localhost:3636/_next/static/chunks/0ddr_next_dist_0o6db7i._.js:2431
[     411ms] [LOG] [Fast Refresh] rebuilding @ http://localhost:3636/_next/static/chunks/0ddr_next_dist_0o6db7i._.js:2431
[     446ms] [LOG] [Fast Refresh] done in 135ms @ http://localhost:3636/_next/static/chunks/0ddr_next_dist_0o6db7i._.js:2431
[   13822ms] [ERROR] Failed to load resource: the server responded with a status of 503 (Service Unavailable) @ http://localhost:3636/api/ably/token:0
[   13822ms] [WARNING] 14:49:33.158 Ably: Auth.requestToken(): token request signing call returned error; err = "ably_not_configured" @ http://localhost:3636/_next/static/chunks/0ddr_next_dist_0o6db7i._.js:2431
